[2025-05-02T00:00:06.195+0000] {processor.py:161} INFO - Started process (PID=1358) to work on /opt/airflow/dags/etl_pipeline.py
[2025-05-02T00:00:06.198+0000] {processor.py:830} INFO - Processing file /opt/airflow/dags/etl_pipeline.py for tasks to queue
[2025-05-02T00:00:06.200+0000] {logging_mixin.py:188} INFO - [2025-05-02T00:00:06.199+0000] {dagbag.py:540} INFO - Filling up the DagBag from /opt/airflow/dags/etl_pipeline.py
[2025-05-02T00:00:06.849+0000] {logging_mixin.py:188} INFO - [2025-05-02T00:00:06.842+0000] {dagbag.py:350} ERROR - Failed to import: /opt/airflow/dags/etl_pipeline.py
Traceback (most recent call last):
  File "/home/airflow/.local/lib/python3.8/site-packages/airflow/models/dagbag.py", line 346, in parse
    loader.exec_module(new_module)
  File "<frozen importlib._bootstrap_external>", line 843, in exec_module
  File "<frozen importlib._bootstrap>", line 219, in _call_with_frames_removed
  File "/opt/airflow/dags/etl_pipeline.py", line 286, in <module>
    bikeshare_etl_dag = bikeshare_etl_pipeline()
  File "/home/airflow/.local/lib/python3.8/site-packages/airflow/models/dag.py", line 3955, in factory
    f(**f_kwargs)
  File "/opt/airflow/dags/etl_pipeline.py", line 271, in bikeshare_etl_pipeline
    upload_log_to_bucket = load_log_to_bucket()
  File "/home/airflow/.local/lib/python3.8/site-packages/airflow/decorators/base.py", line 366, in __call__
    op = self.operator_class(
  File "/home/airflow/.local/lib/python3.8/site-packages/airflow/models/baseoperator.py", line 437, in apply_defaults
    result = func(self, **kwargs, default_args=default_args)
  File "/home/airflow/.local/lib/python3.8/site-packages/airflow/decorators/python.py", line 52, in __init__
    super().__init__(
  File "/home/airflow/.local/lib/python3.8/site-packages/airflow/models/baseoperator.py", line 437, in apply_defaults
    result = func(self, **kwargs, default_args=default_args)
  File "/home/airflow/.local/lib/python3.8/site-packages/airflow/decorators/base.py", line 228, in __init__
    signature.bind(*op_args, **op_kwargs)
  File "/usr/local/lib/python3.8/inspect.py", line 3037, in bind
    return self._bind(args, kwargs)
  File "/usr/local/lib/python3.8/inspect.py", line 2952, in _bind
    raise TypeError(msg) from None
TypeError: missing a required argument: 'folder_path'
[2025-05-02T00:00:06.850+0000] {processor.py:842} WARNING - No viable dags retrieved from /opt/airflow/dags/etl_pipeline.py
[2025-05-02T00:00:06.950+0000] {processor.py:183} INFO - Processing /opt/airflow/dags/etl_pipeline.py took 0.761 seconds
[2025-05-02T00:00:37.265+0000] {processor.py:161} INFO - Started process (PID=1381) to work on /opt/airflow/dags/etl_pipeline.py
[2025-05-02T00:00:37.267+0000] {processor.py:830} INFO - Processing file /opt/airflow/dags/etl_pipeline.py for tasks to queue
[2025-05-02T00:00:37.270+0000] {logging_mixin.py:188} INFO - [2025-05-02T00:00:37.269+0000] {dagbag.py:540} INFO - Filling up the DagBag from /opt/airflow/dags/etl_pipeline.py
[2025-05-02T00:00:37.767+0000] {logging_mixin.py:188} INFO - [2025-05-02T00:00:37.745+0000] {dagbag.py:350} ERROR - Failed to import: /opt/airflow/dags/etl_pipeline.py
Traceback (most recent call last):
  File "/home/airflow/.local/lib/python3.8/site-packages/airflow/models/dagbag.py", line 346, in parse
    loader.exec_module(new_module)
  File "<frozen importlib._bootstrap_external>", line 843, in exec_module
  File "<frozen importlib._bootstrap>", line 219, in _call_with_frames_removed
  File "/opt/airflow/dags/etl_pipeline.py", line 8, in <module>
    from utils.utils import stream_flag_data
  File "/opt/airflow/dags/utils/utils.py", line 2, in <module>
    from utils.logger import logger
  File "/opt/airflow/dags/utils/logger.py", line 21, in <module>
    logger = setup_logger().getLogger(__name__)
TypeError: setup_logger() missing 1 required positional argument: 'log_path'
[2025-05-02T00:00:37.778+0000] {processor.py:842} WARNING - No viable dags retrieved from /opt/airflow/dags/etl_pipeline.py
[2025-05-02T00:00:37.838+0000] {processor.py:183} INFO - Processing /opt/airflow/dags/etl_pipeline.py took 0.578 seconds
[2025-05-02T00:00:52.601+0000] {processor.py:161} INFO - Started process (PID=1395) to work on /opt/airflow/dags/etl_pipeline.py
[2025-05-02T00:00:52.602+0000] {processor.py:830} INFO - Processing file /opt/airflow/dags/etl_pipeline.py for tasks to queue
[2025-05-02T00:00:52.603+0000] {logging_mixin.py:188} INFO - [2025-05-02T00:00:52.603+0000] {dagbag.py:540} INFO - Filling up the DagBag from /opt/airflow/dags/etl_pipeline.py
[2025-05-02T00:00:53.229+0000] {logging_mixin.py:188} INFO - [2025-05-02T00:00:53.222+0000] {dagbag.py:350} ERROR - Failed to import: /opt/airflow/dags/etl_pipeline.py
Traceback (most recent call last):
  File "/home/airflow/.local/lib/python3.8/site-packages/airflow/models/dagbag.py", line 346, in parse
    loader.exec_module(new_module)
  File "<frozen importlib._bootstrap_external>", line 843, in exec_module
  File "<frozen importlib._bootstrap>", line 219, in _call_with_frames_removed
  File "/opt/airflow/dags/etl_pipeline.py", line 287, in <module>
    bikeshare_etl_dag = bikeshare_etl_pipeline()
  File "/home/airflow/.local/lib/python3.8/site-packages/airflow/models/dag.py", line 3955, in factory
    f(**f_kwargs)
  File "/opt/airflow/dags/etl_pipeline.py", line 272, in bikeshare_etl_pipeline
    upload_log_to_bucket = load_log_to_bucket()
  File "/home/airflow/.local/lib/python3.8/site-packages/airflow/decorators/base.py", line 366, in __call__
    op = self.operator_class(
  File "/home/airflow/.local/lib/python3.8/site-packages/airflow/models/baseoperator.py", line 437, in apply_defaults
    result = func(self, **kwargs, default_args=default_args)
  File "/home/airflow/.local/lib/python3.8/site-packages/airflow/decorators/python.py", line 52, in __init__
    super().__init__(
  File "/home/airflow/.local/lib/python3.8/site-packages/airflow/models/baseoperator.py", line 437, in apply_defaults
    result = func(self, **kwargs, default_args=default_args)
  File "/home/airflow/.local/lib/python3.8/site-packages/airflow/decorators/base.py", line 228, in __init__
    signature.bind(*op_args, **op_kwargs)
  File "/usr/local/lib/python3.8/inspect.py", line 3037, in bind
    return self._bind(args, kwargs)
  File "/usr/local/lib/python3.8/inspect.py", line 2952, in _bind
    raise TypeError(msg) from None
TypeError: missing a required argument: 'folder_path'
[2025-05-02T00:00:53.230+0000] {processor.py:842} WARNING - No viable dags retrieved from /opt/airflow/dags/etl_pipeline.py
[2025-05-02T00:00:53.304+0000] {processor.py:183} INFO - Processing /opt/airflow/dags/etl_pipeline.py took 0.707 seconds
[2025-05-02T00:01:00.134+0000] {processor.py:161} INFO - Started process (PID=1410) to work on /opt/airflow/dags/etl_pipeline.py
[2025-05-02T00:01:00.136+0000] {processor.py:830} INFO - Processing file /opt/airflow/dags/etl_pipeline.py for tasks to queue
[2025-05-02T00:01:00.138+0000] {logging_mixin.py:188} INFO - [2025-05-02T00:01:00.138+0000] {dagbag.py:540} INFO - Filling up the DagBag from /opt/airflow/dags/etl_pipeline.py
[2025-05-02T00:01:00.776+0000] {logging_mixin.py:188} INFO - [2025-05-02T00:01:00.767+0000] {dagbag.py:350} ERROR - Failed to import: /opt/airflow/dags/etl_pipeline.py
Traceback (most recent call last):
  File "/home/airflow/.local/lib/python3.8/site-packages/airflow/models/dagbag.py", line 346, in parse
    loader.exec_module(new_module)
  File "<frozen importlib._bootstrap_external>", line 843, in exec_module
  File "<frozen importlib._bootstrap>", line 219, in _call_with_frames_removed
  File "/opt/airflow/dags/etl_pipeline.py", line 287, in <module>
    bikeshare_etl_dag = bikeshare_etl_pipeline()
  File "/home/airflow/.local/lib/python3.8/site-packages/airflow/models/dag.py", line 3955, in factory
    f(**f_kwargs)
  File "/opt/airflow/dags/etl_pipeline.py", line 272, in bikeshare_etl_pipeline
    upload_log_to_bucket = load_log_to_bucket()
  File "/home/airflow/.local/lib/python3.8/site-packages/airflow/decorators/base.py", line 366, in __call__
    op = self.operator_class(
  File "/home/airflow/.local/lib/python3.8/site-packages/airflow/models/baseoperator.py", line 437, in apply_defaults
    result = func(self, **kwargs, default_args=default_args)
  File "/home/airflow/.local/lib/python3.8/site-packages/airflow/decorators/python.py", line 52, in __init__
    super().__init__(
  File "/home/airflow/.local/lib/python3.8/site-packages/airflow/models/baseoperator.py", line 437, in apply_defaults
    result = func(self, **kwargs, default_args=default_args)
  File "/home/airflow/.local/lib/python3.8/site-packages/airflow/decorators/base.py", line 228, in __init__
    signature.bind(*op_args, **op_kwargs)
  File "/usr/local/lib/python3.8/inspect.py", line 3037, in bind
    return self._bind(args, kwargs)
  File "/usr/local/lib/python3.8/inspect.py", line 2952, in _bind
    raise TypeError(msg) from None
TypeError: missing a required argument: 'folder_path'
[2025-05-02T00:01:00.777+0000] {processor.py:842} WARNING - No viable dags retrieved from /opt/airflow/dags/etl_pipeline.py
[2025-05-02T00:01:00.878+0000] {processor.py:183} INFO - Processing /opt/airflow/dags/etl_pipeline.py took 0.747 seconds
[2025-05-02T00:01:03.056+0000] {processor.py:161} INFO - Started process (PID=1417) to work on /opt/airflow/dags/etl_pipeline.py
[2025-05-02T00:01:03.059+0000] {processor.py:830} INFO - Processing file /opt/airflow/dags/etl_pipeline.py for tasks to queue
[2025-05-02T00:01:03.062+0000] {logging_mixin.py:188} INFO - [2025-05-02T00:01:03.061+0000] {dagbag.py:540} INFO - Filling up the DagBag from /opt/airflow/dags/etl_pipeline.py
[2025-05-02T00:01:03.924+0000] {logging_mixin.py:188} INFO - [2025-05-02T00:01:03.913+0000] {dagbag.py:350} ERROR - Failed to import: /opt/airflow/dags/etl_pipeline.py
Traceback (most recent call last):
  File "/home/airflow/.local/lib/python3.8/site-packages/airflow/models/dagbag.py", line 346, in parse
    loader.exec_module(new_module)
  File "<frozen importlib._bootstrap_external>", line 843, in exec_module
  File "<frozen importlib._bootstrap>", line 219, in _call_with_frames_removed
  File "/opt/airflow/dags/etl_pipeline.py", line 287, in <module>
    bikeshare_etl_dag = bikeshare_etl_pipeline()
  File "/home/airflow/.local/lib/python3.8/site-packages/airflow/models/dag.py", line 3955, in factory
    f(**f_kwargs)
  File "/opt/airflow/dags/etl_pipeline.py", line 272, in bikeshare_etl_pipeline
    upload_log_to_bucket = load_log_to_bucket()
  File "/home/airflow/.local/lib/python3.8/site-packages/airflow/decorators/base.py", line 366, in __call__
    op = self.operator_class(
  File "/home/airflow/.local/lib/python3.8/site-packages/airflow/models/baseoperator.py", line 437, in apply_defaults
    result = func(self, **kwargs, default_args=default_args)
  File "/home/airflow/.local/lib/python3.8/site-packages/airflow/decorators/python.py", line 52, in __init__
    super().__init__(
  File "/home/airflow/.local/lib/python3.8/site-packages/airflow/models/baseoperator.py", line 437, in apply_defaults
    result = func(self, **kwargs, default_args=default_args)
  File "/home/airflow/.local/lib/python3.8/site-packages/airflow/decorators/base.py", line 228, in __init__
    signature.bind(*op_args, **op_kwargs)
  File "/usr/local/lib/python3.8/inspect.py", line 3037, in bind
    return self._bind(args, kwargs)
  File "/usr/local/lib/python3.8/inspect.py", line 2952, in _bind
    raise TypeError(msg) from None
TypeError: missing a required argument: 'folder_path'
[2025-05-02T00:01:03.925+0000] {processor.py:842} WARNING - No viable dags retrieved from /opt/airflow/dags/etl_pipeline.py
[2025-05-02T00:01:04.017+0000] {processor.py:183} INFO - Processing /opt/airflow/dags/etl_pipeline.py took 0.970 seconds
[2025-05-02T00:01:05.104+0000] {processor.py:161} INFO - Started process (PID=1424) to work on /opt/airflow/dags/etl_pipeline.py
[2025-05-02T00:01:05.107+0000] {processor.py:830} INFO - Processing file /opt/airflow/dags/etl_pipeline.py for tasks to queue
[2025-05-02T00:01:05.110+0000] {logging_mixin.py:188} INFO - [2025-05-02T00:01:05.109+0000] {dagbag.py:540} INFO - Filling up the DagBag from /opt/airflow/dags/etl_pipeline.py
[2025-05-02T00:01:05.849+0000] {logging_mixin.py:188} INFO - [2025-05-02T00:01:05.841+0000] {dagbag.py:350} ERROR - Failed to import: /opt/airflow/dags/etl_pipeline.py
Traceback (most recent call last):
  File "/home/airflow/.local/lib/python3.8/site-packages/airflow/models/dagbag.py", line 346, in parse
    loader.exec_module(new_module)
  File "<frozen importlib._bootstrap_external>", line 843, in exec_module
  File "<frozen importlib._bootstrap>", line 219, in _call_with_frames_removed
  File "/opt/airflow/dags/etl_pipeline.py", line 287, in <module>
    bikeshare_etl_dag = bikeshare_etl_pipeline()
  File "/home/airflow/.local/lib/python3.8/site-packages/airflow/models/dag.py", line 3955, in factory
    f(**f_kwargs)
  File "/opt/airflow/dags/etl_pipeline.py", line 272, in bikeshare_etl_pipeline
    upload_log_to_bucket = load_log_to_bucket()
  File "/home/airflow/.local/lib/python3.8/site-packages/airflow/decorators/base.py", line 366, in __call__
    op = self.operator_class(
  File "/home/airflow/.local/lib/python3.8/site-packages/airflow/models/baseoperator.py", line 437, in apply_defaults
    result = func(self, **kwargs, default_args=default_args)
  File "/home/airflow/.local/lib/python3.8/site-packages/airflow/decorators/python.py", line 52, in __init__
    super().__init__(
  File "/home/airflow/.local/lib/python3.8/site-packages/airflow/models/baseoperator.py", line 437, in apply_defaults
    result = func(self, **kwargs, default_args=default_args)
  File "/home/airflow/.local/lib/python3.8/site-packages/airflow/decorators/base.py", line 228, in __init__
    signature.bind(*op_args, **op_kwargs)
  File "/usr/local/lib/python3.8/inspect.py", line 3037, in bind
    return self._bind(args, kwargs)
  File "/usr/local/lib/python3.8/inspect.py", line 2952, in _bind
    raise TypeError(msg) from None
TypeError: missing a required argument: 'folder_path'
[2025-05-02T00:01:05.851+0000] {processor.py:842} WARNING - No viable dags retrieved from /opt/airflow/dags/etl_pipeline.py
[2025-05-02T00:01:05.915+0000] {processor.py:183} INFO - Processing /opt/airflow/dags/etl_pipeline.py took 0.817 seconds
[2025-05-02T00:01:15.090+0000] {processor.py:161} INFO - Started process (PID=1439) to work on /opt/airflow/dags/etl_pipeline.py
[2025-05-02T00:01:15.092+0000] {processor.py:830} INFO - Processing file /opt/airflow/dags/etl_pipeline.py for tasks to queue
[2025-05-02T00:01:15.094+0000] {logging_mixin.py:188} INFO - [2025-05-02T00:01:15.094+0000] {dagbag.py:540} INFO - Filling up the DagBag from /opt/airflow/dags/etl_pipeline.py
[2025-05-02T00:01:15.749+0000] {processor.py:840} INFO - DAG(s) 'bikeshare_etl_pipeline' retrieved from /opt/airflow/dags/etl_pipeline.py
[2025-05-02T00:01:15.965+0000] {logging_mixin.py:188} INFO - [2025-05-02T00:01:15.965+0000] {dag.py:3047} INFO - Sync 1 DAGs
[2025-05-02T00:01:15.995+0000] {logging_mixin.py:188} INFO - [2025-05-02T00:01:15.995+0000] {dag.py:3834} INFO - Setting next_dagrun for bikeshare_etl_pipeline to 2025-05-05 10:00:00+00:00, run_after=2025-05-12 10:00:00+00:00
[2025-05-02T00:01:16.038+0000] {processor.py:183} INFO - Processing /opt/airflow/dags/etl_pipeline.py took 0.955 seconds
[2025-05-02T00:01:46.314+0000] {processor.py:161} INFO - Started process (PID=1462) to work on /opt/airflow/dags/etl_pipeline.py
[2025-05-02T00:01:46.315+0000] {processor.py:830} INFO - Processing file /opt/airflow/dags/etl_pipeline.py for tasks to queue
[2025-05-02T00:01:46.316+0000] {logging_mixin.py:188} INFO - [2025-05-02T00:01:46.316+0000] {dagbag.py:540} INFO - Filling up the DagBag from /opt/airflow/dags/etl_pipeline.py
[2025-05-02T00:01:47.298+0000] {processor.py:840} INFO - DAG(s) 'bikeshare_etl_pipeline' retrieved from /opt/airflow/dags/etl_pipeline.py
[2025-05-02T00:01:47.443+0000] {logging_mixin.py:188} INFO - [2025-05-02T00:01:47.442+0000] {dag.py:3047} INFO - Sync 1 DAGs
[2025-05-02T00:01:47.506+0000] {logging_mixin.py:188} INFO - [2025-05-02T00:01:47.506+0000] {dag.py:3834} INFO - Setting next_dagrun for bikeshare_etl_pipeline to 2025-05-05 10:00:00+00:00, run_after=2025-05-12 10:00:00+00:00
[2025-05-02T00:01:47.552+0000] {processor.py:183} INFO - Processing /opt/airflow/dags/etl_pipeline.py took 1.242 seconds
[2025-05-02T00:02:17.698+0000] {processor.py:161} INFO - Started process (PID=1493) to work on /opt/airflow/dags/etl_pipeline.py
[2025-05-02T00:02:17.700+0000] {processor.py:830} INFO - Processing file /opt/airflow/dags/etl_pipeline.py for tasks to queue
[2025-05-02T00:02:17.701+0000] {logging_mixin.py:188} INFO - [2025-05-02T00:02:17.701+0000] {dagbag.py:540} INFO - Filling up the DagBag from /opt/airflow/dags/etl_pipeline.py
[2025-05-02T00:02:18.306+0000] {processor.py:840} INFO - DAG(s) 'bikeshare_etl_pipeline' retrieved from /opt/airflow/dags/etl_pipeline.py
[2025-05-02T00:02:18.412+0000] {logging_mixin.py:188} INFO - [2025-05-02T00:02:18.412+0000] {dag.py:3047} INFO - Sync 1 DAGs
[2025-05-02T00:02:18.443+0000] {logging_mixin.py:188} INFO - [2025-05-02T00:02:18.443+0000] {dag.py:3834} INFO - Setting next_dagrun for bikeshare_etl_pipeline to 2025-05-05 10:00:00+00:00, run_after=2025-05-12 10:00:00+00:00
[2025-05-02T00:02:18.476+0000] {processor.py:183} INFO - Processing /opt/airflow/dags/etl_pipeline.py took 0.781 seconds
[2025-05-02T00:02:37.867+0000] {processor.py:161} INFO - Started process (PID=1508) to work on /opt/airflow/dags/etl_pipeline.py
[2025-05-02T00:02:37.868+0000] {processor.py:830} INFO - Processing file /opt/airflow/dags/etl_pipeline.py for tasks to queue
[2025-05-02T00:02:37.870+0000] {logging_mixin.py:188} INFO - [2025-05-02T00:02:37.870+0000] {dagbag.py:540} INFO - Filling up the DagBag from /opt/airflow/dags/etl_pipeline.py
[2025-05-02T00:02:38.597+0000] {processor.py:840} INFO - DAG(s) 'bikeshare_etl_pipeline' retrieved from /opt/airflow/dags/etl_pipeline.py
[2025-05-02T00:02:38.640+0000] {logging_mixin.py:188} INFO - [2025-05-02T00:02:38.640+0000] {dag.py:3047} INFO - Sync 1 DAGs
[2025-05-02T00:02:38.673+0000] {logging_mixin.py:188} INFO - [2025-05-02T00:02:38.673+0000] {dag.py:3834} INFO - Setting next_dagrun for bikeshare_etl_pipeline to 2025-05-05 10:00:00+00:00, run_after=2025-05-12 10:00:00+00:00
[2025-05-02T00:02:38.716+0000] {processor.py:183} INFO - Processing /opt/airflow/dags/etl_pipeline.py took 0.855 seconds
[2025-05-02T00:03:09.073+0000] {processor.py:161} INFO - Started process (PID=1539) to work on /opt/airflow/dags/etl_pipeline.py
[2025-05-02T00:03:09.074+0000] {processor.py:830} INFO - Processing file /opt/airflow/dags/etl_pipeline.py for tasks to queue
[2025-05-02T00:03:09.075+0000] {logging_mixin.py:188} INFO - [2025-05-02T00:03:09.075+0000] {dagbag.py:540} INFO - Filling up the DagBag from /opt/airflow/dags/etl_pipeline.py
[2025-05-02T00:03:09.993+0000] {processor.py:840} INFO - DAG(s) 'bikeshare_etl_pipeline' retrieved from /opt/airflow/dags/etl_pipeline.py
[2025-05-02T00:03:10.068+0000] {logging_mixin.py:188} INFO - [2025-05-02T00:03:10.067+0000] {dag.py:3047} INFO - Sync 1 DAGs
[2025-05-02T00:03:10.124+0000] {logging_mixin.py:188} INFO - [2025-05-02T00:03:10.123+0000] {dag.py:3834} INFO - Setting next_dagrun for bikeshare_etl_pipeline to 2025-05-05 10:00:00+00:00, run_after=2025-05-12 10:00:00+00:00
[2025-05-02T00:03:10.192+0000] {processor.py:183} INFO - Processing /opt/airflow/dags/etl_pipeline.py took 1.123 seconds
[2025-05-02T00:03:34.450+0000] {processor.py:161} INFO - Started process (PID=1563) to work on /opt/airflow/dags/etl_pipeline.py
[2025-05-02T00:03:34.452+0000] {processor.py:830} INFO - Processing file /opt/airflow/dags/etl_pipeline.py for tasks to queue
[2025-05-02T00:03:34.454+0000] {logging_mixin.py:188} INFO - [2025-05-02T00:03:34.453+0000] {dagbag.py:540} INFO - Filling up the DagBag from /opt/airflow/dags/etl_pipeline.py
[2025-05-02T00:03:35.227+0000] {processor.py:840} INFO - DAG(s) 'bikeshare_etl_pipeline' retrieved from /opt/airflow/dags/etl_pipeline.py
[2025-05-02T00:03:35.304+0000] {logging_mixin.py:188} INFO - [2025-05-02T00:03:35.303+0000] {dag.py:3047} INFO - Sync 1 DAGs
[2025-05-02T00:03:35.362+0000] {logging_mixin.py:188} INFO - [2025-05-02T00:03:35.362+0000] {dag.py:3834} INFO - Setting next_dagrun for bikeshare_etl_pipeline to 2025-05-05 10:00:00+00:00, run_after=2025-05-12 10:00:00+00:00
[2025-05-02T00:03:35.427+0000] {processor.py:183} INFO - Processing /opt/airflow/dags/etl_pipeline.py took 0.981 seconds
[2025-05-02T00:04:05.729+0000] {processor.py:161} INFO - Started process (PID=1587) to work on /opt/airflow/dags/etl_pipeline.py
[2025-05-02T00:04:05.731+0000] {processor.py:830} INFO - Processing file /opt/airflow/dags/etl_pipeline.py for tasks to queue
[2025-05-02T00:04:05.732+0000] {logging_mixin.py:188} INFO - [2025-05-02T00:04:05.732+0000] {dagbag.py:540} INFO - Filling up the DagBag from /opt/airflow/dags/etl_pipeline.py
[2025-05-02T00:04:06.349+0000] {processor.py:840} INFO - DAG(s) 'bikeshare_etl_pipeline' retrieved from /opt/airflow/dags/etl_pipeline.py
[2025-05-02T00:04:06.394+0000] {logging_mixin.py:188} INFO - [2025-05-02T00:04:06.394+0000] {dag.py:3047} INFO - Sync 1 DAGs
[2025-05-02T00:04:06.434+0000] {logging_mixin.py:188} INFO - [2025-05-02T00:04:06.434+0000] {dag.py:3834} INFO - Setting next_dagrun for bikeshare_etl_pipeline to 2025-05-05 10:00:00+00:00, run_after=2025-05-12 10:00:00+00:00
[2025-05-02T00:04:06.483+0000] {processor.py:183} INFO - Processing /opt/airflow/dags/etl_pipeline.py took 0.757 seconds
[2025-05-02T00:04:36.837+0000] {processor.py:161} INFO - Started process (PID=1624) to work on /opt/airflow/dags/etl_pipeline.py
[2025-05-02T00:04:36.839+0000] {processor.py:830} INFO - Processing file /opt/airflow/dags/etl_pipeline.py for tasks to queue
[2025-05-02T00:04:36.840+0000] {logging_mixin.py:188} INFO - [2025-05-02T00:04:36.840+0000] {dagbag.py:540} INFO - Filling up the DagBag from /opt/airflow/dags/etl_pipeline.py
[2025-05-02T00:04:37.515+0000] {processor.py:840} INFO - DAG(s) 'bikeshare_etl_pipeline' retrieved from /opt/airflow/dags/etl_pipeline.py
[2025-05-02T00:04:37.576+0000] {logging_mixin.py:188} INFO - [2025-05-02T00:04:37.576+0000] {dag.py:3047} INFO - Sync 1 DAGs
[2025-05-02T00:04:37.619+0000] {logging_mixin.py:188} INFO - [2025-05-02T00:04:37.618+0000] {dag.py:3834} INFO - Setting next_dagrun for bikeshare_etl_pipeline to 2025-05-05 10:00:00+00:00, run_after=2025-05-12 10:00:00+00:00
[2025-05-02T00:04:37.649+0000] {processor.py:183} INFO - Processing /opt/airflow/dags/etl_pipeline.py took 0.816 seconds
[2025-05-02T00:05:08.297+0000] {processor.py:161} INFO - Started process (PID=1816) to work on /opt/airflow/dags/etl_pipeline.py
[2025-05-02T00:05:08.310+0000] {processor.py:830} INFO - Processing file /opt/airflow/dags/etl_pipeline.py for tasks to queue
[2025-05-02T00:05:08.323+0000] {logging_mixin.py:188} INFO - [2025-05-02T00:05:08.320+0000] {dagbag.py:540} INFO - Filling up the DagBag from /opt/airflow/dags/etl_pipeline.py
[2025-05-02T00:05:10.654+0000] {processor.py:840} INFO - DAG(s) 'bikeshare_etl_pipeline' retrieved from /opt/airflow/dags/etl_pipeline.py
[2025-05-02T00:05:10.747+0000] {logging_mixin.py:188} INFO - [2025-05-02T00:05:10.746+0000] {dag.py:3047} INFO - Sync 1 DAGs
[2025-05-02T00:05:10.807+0000] {logging_mixin.py:188} INFO - [2025-05-02T00:05:10.807+0000] {dag.py:3834} INFO - Setting next_dagrun for bikeshare_etl_pipeline to 2025-05-05 10:00:00+00:00, run_after=2025-05-12 10:00:00+00:00
[2025-05-02T00:05:10.853+0000] {processor.py:183} INFO - Processing /opt/airflow/dags/etl_pipeline.py took 2.578 seconds
[2025-05-02T00:05:41.189+0000] {processor.py:161} INFO - Started process (PID=1861) to work on /opt/airflow/dags/etl_pipeline.py
[2025-05-02T00:05:41.191+0000] {processor.py:830} INFO - Processing file /opt/airflow/dags/etl_pipeline.py for tasks to queue
[2025-05-02T00:05:41.193+0000] {logging_mixin.py:188} INFO - [2025-05-02T00:05:41.192+0000] {dagbag.py:540} INFO - Filling up the DagBag from /opt/airflow/dags/etl_pipeline.py
[2025-05-02T00:05:42.037+0000] {processor.py:840} INFO - DAG(s) 'bikeshare_etl_pipeline' retrieved from /opt/airflow/dags/etl_pipeline.py
[2025-05-02T00:05:42.147+0000] {logging_mixin.py:188} INFO - [2025-05-02T00:05:42.146+0000] {dag.py:3047} INFO - Sync 1 DAGs
[2025-05-02T00:05:42.214+0000] {logging_mixin.py:188} INFO - [2025-05-02T00:05:42.214+0000] {dag.py:3834} INFO - Setting next_dagrun for bikeshare_etl_pipeline to 2025-05-05 10:00:00+00:00, run_after=2025-05-12 10:00:00+00:00
[2025-05-02T00:05:42.276+0000] {processor.py:183} INFO - Processing /opt/airflow/dags/etl_pipeline.py took 1.098 seconds
[2025-05-02T00:06:12.581+0000] {processor.py:161} INFO - Started process (PID=1887) to work on /opt/airflow/dags/etl_pipeline.py
[2025-05-02T00:06:12.586+0000] {processor.py:830} INFO - Processing file /opt/airflow/dags/etl_pipeline.py for tasks to queue
[2025-05-02T00:06:12.594+0000] {logging_mixin.py:188} INFO - [2025-05-02T00:06:12.592+0000] {dagbag.py:540} INFO - Filling up the DagBag from /opt/airflow/dags/etl_pipeline.py
[2025-05-02T00:06:13.532+0000] {processor.py:840} INFO - DAG(s) 'bikeshare_etl_pipeline' retrieved from /opt/airflow/dags/etl_pipeline.py
[2025-05-02T00:06:13.621+0000] {logging_mixin.py:188} INFO - [2025-05-02T00:06:13.619+0000] {dag.py:3047} INFO - Sync 1 DAGs
[2025-05-02T00:06:13.746+0000] {logging_mixin.py:188} INFO - [2025-05-02T00:06:13.745+0000] {dag.py:3834} INFO - Setting next_dagrun for bikeshare_etl_pipeline to 2025-05-05 10:00:00+00:00, run_after=2025-05-12 10:00:00+00:00
[2025-05-02T00:06:13.806+0000] {processor.py:183} INFO - Processing /opt/airflow/dags/etl_pipeline.py took 1.235 seconds
[2025-05-02T00:06:44.006+0000] {processor.py:161} INFO - Started process (PID=1918) to work on /opt/airflow/dags/etl_pipeline.py
[2025-05-02T00:06:44.008+0000] {processor.py:830} INFO - Processing file /opt/airflow/dags/etl_pipeline.py for tasks to queue
[2025-05-02T00:06:44.010+0000] {logging_mixin.py:188} INFO - [2025-05-02T00:06:44.010+0000] {dagbag.py:540} INFO - Filling up the DagBag from /opt/airflow/dags/etl_pipeline.py
[2025-05-02T00:06:44.756+0000] {processor.py:840} INFO - DAG(s) 'bikeshare_etl_pipeline' retrieved from /opt/airflow/dags/etl_pipeline.py
[2025-05-02T00:06:44.810+0000] {logging_mixin.py:188} INFO - [2025-05-02T00:06:44.809+0000] {dag.py:3047} INFO - Sync 1 DAGs
[2025-05-02T00:06:44.859+0000] {logging_mixin.py:188} INFO - [2025-05-02T00:06:44.859+0000] {dag.py:3834} INFO - Setting next_dagrun for bikeshare_etl_pipeline to 2025-05-05 10:00:00+00:00, run_after=2025-05-12 10:00:00+00:00
[2025-05-02T00:06:44.916+0000] {processor.py:183} INFO - Processing /opt/airflow/dags/etl_pipeline.py took 0.916 seconds
[2025-05-02T00:07:15.325+0000] {processor.py:161} INFO - Started process (PID=1945) to work on /opt/airflow/dags/etl_pipeline.py
[2025-05-02T00:07:15.327+0000] {processor.py:830} INFO - Processing file /opt/airflow/dags/etl_pipeline.py for tasks to queue
[2025-05-02T00:07:15.328+0000] {logging_mixin.py:188} INFO - [2025-05-02T00:07:15.328+0000] {dagbag.py:540} INFO - Filling up the DagBag from /opt/airflow/dags/etl_pipeline.py
[2025-05-02T00:07:15.965+0000] {processor.py:840} INFO - DAG(s) 'bikeshare_etl_pipeline' retrieved from /opt/airflow/dags/etl_pipeline.py
[2025-05-02T00:07:16.034+0000] {logging_mixin.py:188} INFO - [2025-05-02T00:07:16.034+0000] {dag.py:3047} INFO - Sync 1 DAGs
[2025-05-02T00:07:16.068+0000] {logging_mixin.py:188} INFO - [2025-05-02T00:07:16.068+0000] {dag.py:3834} INFO - Setting next_dagrun for bikeshare_etl_pipeline to 2025-05-05 10:00:00+00:00, run_after=2025-05-12 10:00:00+00:00
[2025-05-02T00:07:16.114+0000] {processor.py:183} INFO - Processing /opt/airflow/dags/etl_pipeline.py took 0.794 seconds
[2025-05-02T00:07:47.091+0000] {processor.py:161} INFO - Started process (PID=1975) to work on /opt/airflow/dags/etl_pipeline.py
[2025-05-02T00:07:47.093+0000] {processor.py:830} INFO - Processing file /opt/airflow/dags/etl_pipeline.py for tasks to queue
[2025-05-02T00:07:47.094+0000] {logging_mixin.py:188} INFO - [2025-05-02T00:07:47.094+0000] {dagbag.py:540} INFO - Filling up the DagBag from /opt/airflow/dags/etl_pipeline.py
[2025-05-02T00:07:47.679+0000] {processor.py:840} INFO - DAG(s) 'bikeshare_etl_pipeline' retrieved from /opt/airflow/dags/etl_pipeline.py
[2025-05-02T00:07:47.753+0000] {logging_mixin.py:188} INFO - [2025-05-02T00:07:47.753+0000] {dag.py:3047} INFO - Sync 1 DAGs
[2025-05-02T00:07:47.801+0000] {logging_mixin.py:188} INFO - [2025-05-02T00:07:47.801+0000] {dag.py:3834} INFO - Setting next_dagrun for bikeshare_etl_pipeline to 2025-05-05 10:00:00+00:00, run_after=2025-05-12 10:00:00+00:00
[2025-05-02T00:07:47.856+0000] {processor.py:183} INFO - Processing /opt/airflow/dags/etl_pipeline.py took 0.771 seconds
[2025-05-02T00:08:04.072+0000] {processor.py:161} INFO - Started process (PID=1991) to work on /opt/airflow/dags/etl_pipeline.py
[2025-05-02T00:08:04.076+0000] {processor.py:830} INFO - Processing file /opt/airflow/dags/etl_pipeline.py for tasks to queue
[2025-05-02T00:08:04.080+0000] {logging_mixin.py:188} INFO - [2025-05-02T00:08:04.079+0000] {dagbag.py:540} INFO - Filling up the DagBag from /opt/airflow/dags/etl_pipeline.py
[2025-05-02T00:08:04.620+0000] {logging_mixin.py:188} INFO - [2025-05-02T00:08:04.609+0000] {dagbag.py:350} ERROR - Failed to import: /opt/airflow/dags/etl_pipeline.py
Traceback (most recent call last):
  File "/home/airflow/.local/lib/python3.8/site-packages/airflow/models/dagbag.py", line 346, in parse
    loader.exec_module(new_module)
  File "<frozen importlib._bootstrap_external>", line 843, in exec_module
  File "<frozen importlib._bootstrap>", line 219, in _call_with_frames_removed
  File "/opt/airflow/dags/etl_pipeline.py", line 269, in <module>
    extracted_folder = download_and_unzip_locally()
NameError: name 'download_and_unzip_locally' is not defined
[2025-05-02T00:08:04.622+0000] {processor.py:842} WARNING - No viable dags retrieved from /opt/airflow/dags/etl_pipeline.py
[2025-05-02T00:08:04.698+0000] {processor.py:183} INFO - Processing /opt/airflow/dags/etl_pipeline.py took 0.638 seconds
[2025-05-02T00:08:09.253+0000] {processor.py:161} INFO - Started process (PID=1998) to work on /opt/airflow/dags/etl_pipeline.py
[2025-05-02T00:08:09.255+0000] {processor.py:830} INFO - Processing file /opt/airflow/dags/etl_pipeline.py for tasks to queue
[2025-05-02T00:08:09.257+0000] {logging_mixin.py:188} INFO - [2025-05-02T00:08:09.257+0000] {dagbag.py:540} INFO - Filling up the DagBag from /opt/airflow/dags/etl_pipeline.py
[2025-05-02T00:08:09.918+0000] {processor.py:840} INFO - DAG(s) 'bikeshare_etl_pipeline' retrieved from /opt/airflow/dags/etl_pipeline.py
[2025-05-02T00:08:10.173+0000] {logging_mixin.py:188} INFO - [2025-05-02T00:08:10.172+0000] {dag.py:3047} INFO - Sync 1 DAGs
[2025-05-02T00:08:10.202+0000] {logging_mixin.py:188} INFO - [2025-05-02T00:08:10.201+0000] {dag.py:3834} INFO - Setting next_dagrun for bikeshare_etl_pipeline to 2025-05-05 10:00:00+00:00, run_after=2025-05-12 10:00:00+00:00
[2025-05-02T00:08:10.247+0000] {processor.py:183} INFO - Processing /opt/airflow/dags/etl_pipeline.py took 1.000 seconds
[2025-05-02T00:08:14.313+0000] {processor.py:161} INFO - Started process (PID=2013) to work on /opt/airflow/dags/etl_pipeline.py
[2025-05-02T00:08:14.315+0000] {processor.py:830} INFO - Processing file /opt/airflow/dags/etl_pipeline.py for tasks to queue
[2025-05-02T00:08:14.316+0000] {logging_mixin.py:188} INFO - [2025-05-02T00:08:14.316+0000] {dagbag.py:540} INFO - Filling up the DagBag from /opt/airflow/dags/etl_pipeline.py
[2025-05-02T00:08:14.876+0000] {processor.py:840} INFO - DAG(s) 'bikeshare_etl_pipeline' retrieved from /opt/airflow/dags/etl_pipeline.py
[2025-05-02T00:08:14.935+0000] {logging_mixin.py:188} INFO - [2025-05-02T00:08:14.935+0000] {dag.py:3047} INFO - Sync 1 DAGs
[2025-05-02T00:08:15.000+0000] {logging_mixin.py:188} INFO - [2025-05-02T00:08:15.000+0000] {dag.py:3834} INFO - Setting next_dagrun for bikeshare_etl_pipeline to 2025-05-05 10:00:00+00:00, run_after=2025-05-12 10:00:00+00:00
[2025-05-02T00:08:15.063+0000] {processor.py:183} INFO - Processing /opt/airflow/dags/etl_pipeline.py took 0.754 seconds
[2025-05-02T00:08:24.211+0000] {processor.py:161} INFO - Started process (PID=2020) to work on /opt/airflow/dags/etl_pipeline.py
[2025-05-02T00:08:24.213+0000] {processor.py:830} INFO - Processing file /opt/airflow/dags/etl_pipeline.py for tasks to queue
[2025-05-02T00:08:24.214+0000] {logging_mixin.py:188} INFO - [2025-05-02T00:08:24.214+0000] {dagbag.py:540} INFO - Filling up the DagBag from /opt/airflow/dags/etl_pipeline.py
[2025-05-02T00:08:24.760+0000] {processor.py:840} INFO - DAG(s) 'bikeshare_etl_pipeline' retrieved from /opt/airflow/dags/etl_pipeline.py
[2025-05-02T00:08:24.793+0000] {logging_mixin.py:188} INFO - [2025-05-02T00:08:24.792+0000] {dag.py:3047} INFO - Sync 1 DAGs
[2025-05-02T00:08:24.821+0000] {logging_mixin.py:188} INFO - [2025-05-02T00:08:24.821+0000] {dag.py:3834} INFO - Setting next_dagrun for bikeshare_etl_pipeline to 2025-05-05 10:00:00+00:00, run_after=2025-05-12 10:00:00+00:00
[2025-05-02T00:08:24.849+0000] {processor.py:183} INFO - Processing /opt/airflow/dags/etl_pipeline.py took 0.644 seconds
[2025-05-02T00:08:25.446+0000] {processor.py:161} INFO - Started process (PID=2027) to work on /opt/airflow/dags/etl_pipeline.py
[2025-05-02T00:08:25.448+0000] {processor.py:830} INFO - Processing file /opt/airflow/dags/etl_pipeline.py for tasks to queue
[2025-05-02T00:08:25.450+0000] {logging_mixin.py:188} INFO - [2025-05-02T00:08:25.450+0000] {dagbag.py:540} INFO - Filling up the DagBag from /opt/airflow/dags/etl_pipeline.py
[2025-05-02T00:08:25.888+0000] {processor.py:840} INFO - DAG(s) 'bikeshare_etl_pipeline' retrieved from /opt/airflow/dags/etl_pipeline.py
[2025-05-02T00:08:25.929+0000] {logging_mixin.py:188} INFO - [2025-05-02T00:08:25.929+0000] {dag.py:3047} INFO - Sync 1 DAGs
[2025-05-02T00:08:25.959+0000] {logging_mixin.py:188} INFO - [2025-05-02T00:08:25.958+0000] {dag.py:3834} INFO - Setting next_dagrun for bikeshare_etl_pipeline to 2025-05-05 10:00:00+00:00, run_after=2025-05-12 10:00:00+00:00
[2025-05-02T00:08:25.988+0000] {processor.py:183} INFO - Processing /opt/airflow/dags/etl_pipeline.py took 0.547 seconds
[2025-05-02T00:08:26.918+0000] {processor.py:161} INFO - Started process (PID=2042) to work on /opt/airflow/dags/etl_pipeline.py
[2025-05-02T00:08:26.920+0000] {processor.py:830} INFO - Processing file /opt/airflow/dags/etl_pipeline.py for tasks to queue
[2025-05-02T00:08:26.922+0000] {logging_mixin.py:188} INFO - [2025-05-02T00:08:26.921+0000] {dagbag.py:540} INFO - Filling up the DagBag from /opt/airflow/dags/etl_pipeline.py
[2025-05-02T00:08:27.414+0000] {processor.py:840} INFO - DAG(s) 'bikeshare_etl_pipeline' retrieved from /opt/airflow/dags/etl_pipeline.py
[2025-05-02T00:08:27.446+0000] {logging_mixin.py:188} INFO - [2025-05-02T00:08:27.446+0000] {dag.py:3047} INFO - Sync 1 DAGs
[2025-05-02T00:08:27.485+0000] {logging_mixin.py:188} INFO - [2025-05-02T00:08:27.484+0000] {dag.py:3834} INFO - Setting next_dagrun for bikeshare_etl_pipeline to 2025-05-05 10:00:00+00:00, run_after=2025-05-12 10:00:00+00:00
[2025-05-02T00:08:27.524+0000] {processor.py:183} INFO - Processing /opt/airflow/dags/etl_pipeline.py took 0.608 seconds
[2025-05-02T00:08:28.112+0000] {processor.py:161} INFO - Started process (PID=2049) to work on /opt/airflow/dags/etl_pipeline.py
[2025-05-02T00:08:28.115+0000] {processor.py:830} INFO - Processing file /opt/airflow/dags/etl_pipeline.py for tasks to queue
[2025-05-02T00:08:28.117+0000] {logging_mixin.py:188} INFO - [2025-05-02T00:08:28.116+0000] {dagbag.py:540} INFO - Filling up the DagBag from /opt/airflow/dags/etl_pipeline.py
[2025-05-02T00:08:28.854+0000] {processor.py:840} INFO - DAG(s) 'bikeshare_etl_pipeline' retrieved from /opt/airflow/dags/etl_pipeline.py
[2025-05-02T00:08:28.921+0000] {logging_mixin.py:188} INFO - [2025-05-02T00:08:28.920+0000] {dag.py:3047} INFO - Sync 1 DAGs
[2025-05-02T00:08:28.996+0000] {logging_mixin.py:188} INFO - [2025-05-02T00:08:28.996+0000] {dag.py:3834} INFO - Setting next_dagrun for bikeshare_etl_pipeline to 2025-05-05 10:00:00+00:00, run_after=2025-05-12 10:00:00+00:00
[2025-05-02T00:08:29.074+0000] {processor.py:183} INFO - Processing /opt/airflow/dags/etl_pipeline.py took 0.969 seconds
[2025-05-02T00:08:59.474+0000] {processor.py:161} INFO - Started process (PID=2076) to work on /opt/airflow/dags/etl_pipeline.py
[2025-05-02T00:08:59.476+0000] {processor.py:830} INFO - Processing file /opt/airflow/dags/etl_pipeline.py for tasks to queue
[2025-05-02T00:08:59.477+0000] {logging_mixin.py:188} INFO - [2025-05-02T00:08:59.477+0000] {dagbag.py:540} INFO - Filling up the DagBag from /opt/airflow/dags/etl_pipeline.py
[2025-05-02T00:09:00.117+0000] {processor.py:840} INFO - DAG(s) 'bikeshare_etl_pipeline' retrieved from /opt/airflow/dags/etl_pipeline.py
[2025-05-02T00:09:00.201+0000] {logging_mixin.py:188} INFO - [2025-05-02T00:09:00.201+0000] {dag.py:3047} INFO - Sync 1 DAGs
[2025-05-02T00:09:00.264+0000] {logging_mixin.py:188} INFO - [2025-05-02T00:09:00.263+0000] {dag.py:3834} INFO - Setting next_dagrun for bikeshare_etl_pipeline to 2025-05-05 10:00:00+00:00, run_after=2025-05-12 10:00:00+00:00
[2025-05-02T00:09:00.301+0000] {processor.py:183} INFO - Processing /opt/airflow/dags/etl_pipeline.py took 0.831 seconds
[2025-05-02T00:09:30.847+0000] {processor.py:161} INFO - Started process (PID=2267) to work on /opt/airflow/dags/etl_pipeline.py
[2025-05-02T00:09:30.856+0000] {processor.py:830} INFO - Processing file /opt/airflow/dags/etl_pipeline.py for tasks to queue
[2025-05-02T00:09:30.862+0000] {logging_mixin.py:188} INFO - [2025-05-02T00:09:30.861+0000] {dagbag.py:540} INFO - Filling up the DagBag from /opt/airflow/dags/etl_pipeline.py
[2025-05-02T00:09:33.616+0000] {processor.py:840} INFO - DAG(s) 'bikeshare_etl_pipeline' retrieved from /opt/airflow/dags/etl_pipeline.py
[2025-05-02T00:09:33.749+0000] {logging_mixin.py:188} INFO - [2025-05-02T00:09:33.749+0000] {dag.py:3047} INFO - Sync 1 DAGs
[2025-05-02T00:09:33.906+0000] {logging_mixin.py:188} INFO - [2025-05-02T00:09:33.905+0000] {dag.py:3834} INFO - Setting next_dagrun for bikeshare_etl_pipeline to 2025-05-05 10:00:00+00:00, run_after=2025-05-12 10:00:00+00:00
[2025-05-02T00:09:33.979+0000] {processor.py:183} INFO - Processing /opt/airflow/dags/etl_pipeline.py took 3.165 seconds
[2025-05-02T00:10:04.147+0000] {processor.py:161} INFO - Started process (PID=2321) to work on /opt/airflow/dags/etl_pipeline.py
[2025-05-02T00:10:04.149+0000] {processor.py:830} INFO - Processing file /opt/airflow/dags/etl_pipeline.py for tasks to queue
[2025-05-02T00:10:04.152+0000] {logging_mixin.py:188} INFO - [2025-05-02T00:10:04.151+0000] {dagbag.py:540} INFO - Filling up the DagBag from /opt/airflow/dags/etl_pipeline.py
[2025-05-02T00:10:04.839+0000] {processor.py:840} INFO - DAG(s) 'bikeshare_etl_pipeline' retrieved from /opt/airflow/dags/etl_pipeline.py
[2025-05-02T00:10:04.995+0000] {logging_mixin.py:188} INFO - [2025-05-02T00:10:04.995+0000] {dag.py:3047} INFO - Sync 1 DAGs
[2025-05-02T00:10:05.095+0000] {logging_mixin.py:188} INFO - [2025-05-02T00:10:05.094+0000] {dag.py:3834} INFO - Setting next_dagrun for bikeshare_etl_pipeline to 2025-05-05 10:00:00+00:00, run_after=2025-05-12 10:00:00+00:00
[2025-05-02T00:10:05.147+0000] {processor.py:183} INFO - Processing /opt/airflow/dags/etl_pipeline.py took 1.006 seconds
[2025-05-02T00:10:35.454+0000] {processor.py:161} INFO - Started process (PID=2348) to work on /opt/airflow/dags/etl_pipeline.py
[2025-05-02T00:10:35.456+0000] {processor.py:830} INFO - Processing file /opt/airflow/dags/etl_pipeline.py for tasks to queue
[2025-05-02T00:10:35.457+0000] {logging_mixin.py:188} INFO - [2025-05-02T00:10:35.457+0000] {dagbag.py:540} INFO - Filling up the DagBag from /opt/airflow/dags/etl_pipeline.py
[2025-05-02T00:10:35.937+0000] {processor.py:840} INFO - DAG(s) 'bikeshare_etl_pipeline' retrieved from /opt/airflow/dags/etl_pipeline.py
[2025-05-02T00:10:36.003+0000] {logging_mixin.py:188} INFO - [2025-05-02T00:10:36.002+0000] {dag.py:3047} INFO - Sync 1 DAGs
[2025-05-02T00:10:36.054+0000] {logging_mixin.py:188} INFO - [2025-05-02T00:10:36.053+0000] {dag.py:3834} INFO - Setting next_dagrun for bikeshare_etl_pipeline to 2025-05-05 10:00:00+00:00, run_after=2025-05-12 10:00:00+00:00
[2025-05-02T00:10:36.102+0000] {processor.py:183} INFO - Processing /opt/airflow/dags/etl_pipeline.py took 0.651 seconds
[2025-05-02T00:11:06.427+0000] {processor.py:161} INFO - Started process (PID=2380) to work on /opt/airflow/dags/etl_pipeline.py
[2025-05-02T00:11:06.429+0000] {processor.py:830} INFO - Processing file /opt/airflow/dags/etl_pipeline.py for tasks to queue
[2025-05-02T00:11:06.431+0000] {logging_mixin.py:188} INFO - [2025-05-02T00:11:06.430+0000] {dagbag.py:540} INFO - Filling up the DagBag from /opt/airflow/dags/etl_pipeline.py
[2025-05-02T00:11:06.960+0000] {processor.py:840} INFO - DAG(s) 'bikeshare_etl_pipeline' retrieved from /opt/airflow/dags/etl_pipeline.py
[2025-05-02T00:11:07.020+0000] {logging_mixin.py:188} INFO - [2025-05-02T00:11:07.020+0000] {dag.py:3047} INFO - Sync 1 DAGs
[2025-05-02T00:11:07.121+0000] {logging_mixin.py:188} INFO - [2025-05-02T00:11:07.120+0000] {dag.py:3834} INFO - Setting next_dagrun for bikeshare_etl_pipeline to 2025-05-05 10:00:00+00:00, run_after=2025-05-12 10:00:00+00:00
[2025-05-02T00:11:07.263+0000] {processor.py:183} INFO - Processing /opt/airflow/dags/etl_pipeline.py took 0.840 seconds
