[2025-05-01T01:30:47.999+0000] {manager.py:469} INFO - Processing files using up to 2 processes at a time 
[2025-05-01T01:30:48.000+0000] {manager.py:470} INFO - Process each file at most once every 30 seconds
[2025-05-01T01:30:48.001+0000] {manager.py:471} INFO - Checking for new files in /opt/airflow/dags every 300 seconds
[2025-05-01T01:30:48.001+0000] {manager.py:738} INFO - Searching for files in /opt/airflow/dags
[2025-05-01T01:30:48.020+0000] {manager.py:741} INFO - There are 1 files in /opt/airflow/dags
[2025-05-01T01:30:48.582+0000] {manager.py:879} INFO - 
================================================================================
DAG File Processing Stats

File Path                            PID  Runtime      # DAGs    # Errors  Last Runtime    Last Run
---------------------------------  -----  ---------  --------  ----------  --------------  ----------
/opt/airflow/dags/etl_pipeline.py    187  0.03s             0           0
================================================================================
[2025-05-01T01:31:22.400+0000] {manager.py:879} INFO - 
================================================================================
DAG File Processing Stats

File Path                          PID    Runtime      # DAGs    # Errors  Last Runtime    Last Run
---------------------------------  -----  ---------  --------  ----------  --------------  -------------------
/opt/airflow/dags/etl_pipeline.py                           1           0  1.15s           2025-05-01T01:31:21
================================================================================
[2025-05-01T01:31:56.074+0000] {manager.py:879} INFO - 
================================================================================
DAG File Processing Stats

File Path                          PID    Runtime      # DAGs    # Errors  Last Runtime    Last Run
---------------------------------  -----  ---------  --------  ----------  --------------  -------------------
/opt/airflow/dags/etl_pipeline.py                           1           0  0.67s           2025-05-01T01:31:54
================================================================================
[2025-05-01T01:32:20.410+0000] {manager.py:451} INFO - Exiting gracefully upon receiving signal 15
[2025-05-01T01:32:50.990+0000] {manager.py:469} INFO - Processing files using up to 2 processes at a time 
[2025-05-01T01:32:50.991+0000] {manager.py:470} INFO - Process each file at most once every 30 seconds
[2025-05-01T01:32:50.992+0000] {manager.py:471} INFO - Checking for new files in /opt/airflow/dags every 300 seconds
[2025-05-01T01:32:50.993+0000] {manager.py:738} INFO - Searching for files in /opt/airflow/dags
[2025-05-01T01:32:51.024+0000] {manager.py:741} INFO - There are 1 files in /opt/airflow/dags
[2025-05-01T01:32:51.612+0000] {manager.py:879} INFO - 
================================================================================
DAG File Processing Stats

File Path                            PID  Runtime      # DAGs    # Errors  Last Runtime    Last Run
---------------------------------  -----  ---------  --------  ----------  --------------  ----------
/opt/airflow/dags/etl_pipeline.py    187  0.03s             0           0
================================================================================
[2025-05-01T01:33:25.125+0000] {manager.py:879} INFO - 
================================================================================
DAG File Processing Stats

File Path                            PID  Runtime      # DAGs    # Errors  Last Runtime    Last Run
---------------------------------  -----  ---------  --------  ----------  --------------  -------------------
/opt/airflow/dags/etl_pipeline.py    217  0.46s             1           0  0.99s           2025-05-01T01:33:24
================================================================================
[2025-05-01T01:33:50.963+0000] {manager.py:451} INFO - Exiting gracefully upon receiving signal 15
[2025-05-01T01:34:21.477+0000] {manager.py:469} INFO - Processing files using up to 2 processes at a time 
[2025-05-01T01:34:21.478+0000] {manager.py:470} INFO - Process each file at most once every 30 seconds
[2025-05-01T01:34:21.479+0000] {manager.py:471} INFO - Checking for new files in /opt/airflow/dags every 300 seconds
[2025-05-01T01:34:21.479+0000] {manager.py:738} INFO - Searching for files in /opt/airflow/dags
[2025-05-01T01:34:21.505+0000] {manager.py:741} INFO - There are 1 files in /opt/airflow/dags
[2025-05-01T01:34:22.111+0000] {manager.py:879} INFO - 
================================================================================
DAG File Processing Stats

File Path                            PID  Runtime      # DAGs    # Errors  Last Runtime    Last Run
---------------------------------  -----  ---------  --------  ----------  --------------  ----------
/opt/airflow/dags/etl_pipeline.py    186  0.03s             0           0
================================================================================
[2025-05-01T01:34:55.666+0000] {manager.py:879} INFO - 
================================================================================
DAG File Processing Stats

File Path                          PID    Runtime      # DAGs    # Errors  Last Runtime    Last Run
---------------------------------  -----  ---------  --------  ----------  --------------  -------------------
/opt/airflow/dags/etl_pipeline.py                           1           0  1.25s           2025-05-01T01:34:54
================================================================================
[2025-05-01T01:35:29.018+0000] {manager.py:879} INFO - 
================================================================================
DAG File Processing Stats

File Path                            PID  Runtime      # DAGs    # Errors  Last Runtime    Last Run
---------------------------------  -----  ---------  --------  ----------  --------------  -------------------
/opt/airflow/dags/etl_pipeline.py    253  0.00s             1           0  0.79s           2025-05-01T01:35:15
================================================================================
[2025-05-01T01:36:02.771+0000] {manager.py:879} INFO - 
================================================================================
DAG File Processing Stats

File Path                          PID    Runtime      # DAGs    # Errors  Last Runtime    Last Run
---------------------------------  -----  ---------  --------  ----------  --------------  -------------------
/opt/airflow/dags/etl_pipeline.py                           0           1  0.11s           2025-05-01T01:35:57
================================================================================
[2025-05-01T01:36:36.157+0000] {manager.py:879} INFO - 
================================================================================
DAG File Processing Stats

File Path                          PID    Runtime      # DAGs    # Errors  Last Runtime    Last Run
---------------------------------  -----  ---------  --------  ----------  --------------  -------------------
/opt/airflow/dags/etl_pipeline.py                           1           0  0.83s           2025-05-01T01:36:29
================================================================================
[2025-05-01T01:37:09.548+0000] {manager.py:879} INFO - 
================================================================================
DAG File Processing Stats

File Path                          PID    Runtime      # DAGs    # Errors  Last Runtime    Last Run
---------------------------------  -----  ---------  --------  ----------  --------------  -------------------
/opt/airflow/dags/etl_pipeline.py                           0           1  0.86s           2025-05-01T01:36:58
================================================================================
[2025-05-01T01:37:43.006+0000] {manager.py:879} INFO - 
================================================================================
DAG File Processing Stats

File Path                            PID  Runtime      # DAGs    # Errors  Last Runtime    Last Run
---------------------------------  -----  ---------  --------  ----------  --------------  -------------------
/opt/airflow/dags/etl_pipeline.py    470  0.49s             0           1  0.70s           2025-05-01T01:37:41
================================================================================
[2025-05-01T01:38:17.101+0000] {manager.py:879} INFO - 
================================================================================
DAG File Processing Stats

File Path                          PID    Runtime      # DAGs    # Errors  Last Runtime    Last Run
---------------------------------  -----  ---------  --------  ----------  --------------  -------------------
/opt/airflow/dags/etl_pipeline.py                           0           1  0.57s           2025-05-01T01:38:15
================================================================================
[2025-05-01T01:38:50.493+0000] {manager.py:879} INFO - 
================================================================================
DAG File Processing Stats

File Path                          PID    Runtime      # DAGs    # Errors  Last Runtime    Last Run
---------------------------------  -----  ---------  --------  ----------  --------------  -------------------
/opt/airflow/dags/etl_pipeline.py                           0           1  0.73s           2025-05-01T01:38:41
================================================================================
[2025-05-01T01:39:22.033+0000] {manager.py:738} INFO - Searching for files in /opt/airflow/dags
[2025-05-01T01:39:22.076+0000] {manager.py:741} INFO - There are 1 files in /opt/airflow/dags
[2025-05-01T01:39:24.107+0000] {manager.py:879} INFO - 
================================================================================
DAG File Processing Stats

File Path                          PID    Runtime      # DAGs    # Errors  Last Runtime    Last Run
---------------------------------  -----  ---------  --------  ----------  --------------  -------------------
/opt/airflow/dags/etl_pipeline.py                           0           1  0.55s           2025-05-01T01:39:12
================================================================================
[2025-05-01T01:39:57.412+0000] {manager.py:879} INFO - 
================================================================================
DAG File Processing Stats

File Path                          PID    Runtime      # DAGs    # Errors  Last Runtime    Last Run
---------------------------------  -----  ---------  --------  ----------  --------------  -------------------
/opt/airflow/dags/etl_pipeline.py                           0           1  0.82s           2025-05-01T01:39:43
================================================================================
[2025-05-01T01:40:31.218+0000] {manager.py:879} INFO - 
================================================================================
DAG File Processing Stats

File Path                          PID    Runtime      # DAGs    # Errors  Last Runtime    Last Run
---------------------------------  -----  ---------  --------  ----------  --------------  -------------------
/opt/airflow/dags/etl_pipeline.py                           1           0  0.82s           2025-05-01T01:40:24
================================================================================
[2025-05-01T01:41:04.754+0000] {manager.py:879} INFO - 
================================================================================
DAG File Processing Stats

File Path                          PID    Runtime      # DAGs    # Errors  Last Runtime    Last Run
---------------------------------  -----  ---------  --------  ----------  --------------  -------------------
/opt/airflow/dags/etl_pipeline.py                           0           1  0.67s           2025-05-01T01:40:59
================================================================================
[2025-05-01T01:41:38.203+0000] {manager.py:879} INFO - 
================================================================================
DAG File Processing Stats

File Path                          PID    Runtime      # DAGs    # Errors  Last Runtime    Last Run
---------------------------------  -----  ---------  --------  ----------  --------------  -------------------
/opt/airflow/dags/etl_pipeline.py                           0           1  0.90s           2025-05-01T01:41:38
================================================================================
[2025-05-01T01:42:11.732+0000] {manager.py:879} INFO - 
================================================================================
DAG File Processing Stats

File Path                          PID    Runtime      # DAGs    # Errors  Last Runtime    Last Run
---------------------------------  -----  ---------  --------  ----------  --------------  -------------------
/opt/airflow/dags/etl_pipeline.py                           0           1  0.67s           2025-05-01T01:42:08
================================================================================
[2025-05-01T01:42:45.406+0000] {manager.py:879} INFO - 
================================================================================
DAG File Processing Stats

File Path                          PID    Runtime      # DAGs    # Errors  Last Runtime    Last Run
---------------------------------  -----  ---------  --------  ----------  --------------  -------------------
/opt/airflow/dags/etl_pipeline.py                           0           1  0.64s           2025-05-01T01:42:39
================================================================================
[2025-05-01T01:43:18.740+0000] {manager.py:879} INFO - 
================================================================================
DAG File Processing Stats

File Path                          PID    Runtime      # DAGs    # Errors  Last Runtime    Last Run
---------------------------------  -----  ---------  --------  ----------  --------------  -------------------
/opt/airflow/dags/etl_pipeline.py                           0           1  0.84s           2025-05-01T01:42:50
================================================================================
[2025-05-01T01:43:52.589+0000] {manager.py:879} INFO - 
================================================================================
DAG File Processing Stats

File Path                          PID    Runtime      # DAGs    # Errors  Last Runtime    Last Run
---------------------------------  -----  ---------  --------  ----------  --------------  -------------------
/opt/airflow/dags/etl_pipeline.py                           0           1  0.55s           2025-05-01T01:43:51
================================================================================
[2025-05-01T01:44:22.208+0000] {manager.py:738} INFO - Searching for files in /opt/airflow/dags
[2025-05-01T01:44:22.234+0000] {manager.py:741} INFO - There are 1 files in /opt/airflow/dags
[2025-05-01T01:44:26.276+0000] {manager.py:879} INFO - 
================================================================================
DAG File Processing Stats

File Path                          PID    Runtime      # DAGs    # Errors  Last Runtime    Last Run
---------------------------------  -----  ---------  --------  ----------  --------------  -------------------
/opt/airflow/dags/etl_pipeline.py                           0           1  0.61s           2025-05-01T01:44:22
================================================================================
[2025-05-01T01:45:00.160+0000] {manager.py:879} INFO - 
================================================================================
DAG File Processing Stats

File Path                          PID    Runtime      # DAGs    # Errors  Last Runtime    Last Run
---------------------------------  -----  ---------  --------  ----------  --------------  -------------------
/opt/airflow/dags/etl_pipeline.py                           0           1  0.68s           2025-05-01T01:44:53
================================================================================
[2025-05-01T01:45:33.781+0000] {manager.py:879} INFO - 
================================================================================
DAG File Processing Stats

File Path                          PID    Runtime      # DAGs    # Errors  Last Runtime    Last Run
---------------------------------  -----  ---------  --------  ----------  --------------  -------------------
/opt/airflow/dags/etl_pipeline.py                           0           1  0.68s           2025-05-01T01:45:31
================================================================================
[2025-05-01T01:46:07.375+0000] {manager.py:879} INFO - 
================================================================================
DAG File Processing Stats

File Path                            PID  Runtime      # DAGs    # Errors  Last Runtime    Last Run
---------------------------------  -----  ---------  --------  ----------  --------------  -------------------
/opt/airflow/dags/etl_pipeline.py   1048  0.77s             0           1  0.18s           2025-05-01T01:46:04
================================================================================
[2025-05-01T01:46:41.012+0000] {manager.py:879} INFO - 
================================================================================
DAG File Processing Stats

File Path                          PID    Runtime      # DAGs    # Errors  Last Runtime    Last Run
---------------------------------  -----  ---------  --------  ----------  --------------  -------------------
/opt/airflow/dags/etl_pipeline.py                           1           0  0.66s           2025-05-01T01:46:30
================================================================================
[2025-05-01T01:47:14.811+0000] {manager.py:879} INFO - 
================================================================================
DAG File Processing Stats

File Path                          PID    Runtime      # DAGs    # Errors  Last Runtime    Last Run
---------------------------------  -----  ---------  --------  ----------  --------------  -------------------
/opt/airflow/dags/etl_pipeline.py                           1           0  0.74s           2025-05-01T01:47:01
================================================================================
[2025-05-01T01:47:48.835+0000] {manager.py:879} INFO - 
================================================================================
DAG File Processing Stats

File Path                          PID    Runtime      # DAGs    # Errors  Last Runtime    Last Run
---------------------------------  -----  ---------  --------  ----------  --------------  -------------------
/opt/airflow/dags/etl_pipeline.py                           1           0  1.17s           2025-05-01T01:47:32
================================================================================
[2025-05-01T01:48:22.280+0000] {manager.py:879} INFO - 
================================================================================
DAG File Processing Stats

File Path                          PID    Runtime      # DAGs    # Errors  Last Runtime    Last Run
---------------------------------  -----  ---------  --------  ----------  --------------  -------------------
/opt/airflow/dags/etl_pipeline.py                           1           0  0.93s           2025-05-01T01:48:04
================================================================================
[2025-05-01T01:48:55.542+0000] {manager.py:879} INFO - 
================================================================================
DAG File Processing Stats

File Path                          PID    Runtime      # DAGs    # Errors  Last Runtime    Last Run
---------------------------------  -----  ---------  --------  ----------  --------------  -------------------
/opt/airflow/dags/etl_pipeline.py                           1           0  0.81s           2025-05-01T01:48:35
================================================================================
[2025-05-01T01:49:22.311+0000] {manager.py:738} INFO - Searching for files in /opt/airflow/dags
[2025-05-01T01:49:22.359+0000] {manager.py:741} INFO - There are 1 files in /opt/airflow/dags
[2025-05-01T01:49:28.901+0000] {manager.py:879} INFO - 
================================================================================
DAG File Processing Stats

File Path                          PID    Runtime      # DAGs    # Errors  Last Runtime    Last Run
---------------------------------  -----  ---------  --------  ----------  --------------  -------------------
/opt/airflow/dags/etl_pipeline.py                           1           0  0.79s           2025-05-01T01:49:06
================================================================================
[2025-05-01T01:50:02.989+0000] {manager.py:879} INFO - 
================================================================================
DAG File Processing Stats

File Path                          PID    Runtime      # DAGs    # Errors  Last Runtime    Last Run
---------------------------------  -----  ---------  --------  ----------  --------------  -------------------
/opt/airflow/dags/etl_pipeline.py                           1           0  0.56s           2025-05-01T01:49:39
================================================================================
[2025-05-01T01:50:36.570+0000] {manager.py:879} INFO - 
================================================================================
DAG File Processing Stats

File Path                          PID    Runtime      # DAGs    # Errors  Last Runtime    Last Run
---------------------------------  -----  ---------  --------  ----------  --------------  -------------------
/opt/airflow/dags/etl_pipeline.py                           1           0  0.59s           2025-05-01T01:50:13
================================================================================
[2025-05-01T01:51:10.119+0000] {manager.py:879} INFO - 
================================================================================
DAG File Processing Stats

File Path                          PID    Runtime      # DAGs    # Errors  Last Runtime    Last Run
---------------------------------  -----  ---------  --------  ----------  --------------  -------------------
/opt/airflow/dags/etl_pipeline.py                           1           0  0.79s           2025-05-01T01:50:47
================================================================================
[2025-05-01T01:51:43.652+0000] {manager.py:879} INFO - 
================================================================================
DAG File Processing Stats

File Path                          PID    Runtime      # DAGs    # Errors  Last Runtime    Last Run
---------------------------------  -----  ---------  --------  ----------  --------------  -------------------
/opt/airflow/dags/etl_pipeline.py                           1           0  1.01s           2025-05-01T01:51:20
================================================================================
[2025-05-01T01:52:17.190+0000] {manager.py:879} INFO - 
================================================================================
DAG File Processing Stats

File Path                          PID    Runtime      # DAGs    # Errors  Last Runtime    Last Run
---------------------------------  -----  ---------  --------  ----------  --------------  -------------------
/opt/airflow/dags/etl_pipeline.py                           1           0  1.61s           2025-05-01T01:51:54
================================================================================
[2025-05-01T01:52:50.728+0000] {manager.py:879} INFO - 
================================================================================
DAG File Processing Stats

File Path                          PID    Runtime      # DAGs    # Errors  Last Runtime    Last Run
---------------------------------  -----  ---------  --------  ----------  --------------  -------------------
/opt/airflow/dags/etl_pipeline.py                           1           0  0.85s           2025-05-01T01:52:27
================================================================================
[2025-05-01T01:53:24.179+0000] {manager.py:879} INFO - 
================================================================================
DAG File Processing Stats

File Path                          PID    Runtime      # DAGs    # Errors  Last Runtime    Last Run
---------------------------------  -----  ---------  --------  ----------  --------------  -------------------
/opt/airflow/dags/etl_pipeline.py                           1           0  0.61s           2025-05-01T01:53:00
================================================================================
[2025-05-01T01:53:58.165+0000] {manager.py:879} INFO - 
================================================================================
DAG File Processing Stats

File Path                          PID    Runtime      # DAGs    # Errors  Last Runtime    Last Run
---------------------------------  -----  ---------  --------  ----------  --------------  -------------------
/opt/airflow/dags/etl_pipeline.py                           1           0  0.79s           2025-05-01T01:53:54
================================================================================
[2025-05-01T01:54:22.659+0000] {manager.py:738} INFO - Searching for files in /opt/airflow/dags
[2025-05-01T01:54:22.695+0000] {manager.py:741} INFO - There are 1 files in /opt/airflow/dags
[2025-05-01T01:54:31.984+0000] {manager.py:879} INFO - 
================================================================================
DAG File Processing Stats

File Path                          PID    Runtime      # DAGs    # Errors  Last Runtime    Last Run
---------------------------------  -----  ---------  --------  ----------  --------------  -------------------
/opt/airflow/dags/etl_pipeline.py                           1           0  0.65s           2025-05-01T01:54:25
================================================================================
[2025-05-01T01:55:05.983+0000] {manager.py:879} INFO - 
================================================================================
DAG File Processing Stats

File Path                          PID    Runtime      # DAGs    # Errors  Last Runtime    Last Run
---------------------------------  -----  ---------  --------  ----------  --------------  -------------------
/opt/airflow/dags/etl_pipeline.py                           1           0  0.65s           2025-05-01T01:54:56
================================================================================
[2025-05-01T01:55:39.610+0000] {manager.py:879} INFO - 
================================================================================
DAG File Processing Stats

File Path                          PID    Runtime      # DAGs    # Errors  Last Runtime    Last Run
---------------------------------  -----  ---------  --------  ----------  --------------  -------------------
/opt/airflow/dags/etl_pipeline.py                           1           0  0.75s           2025-05-01T01:55:27
================================================================================
[2025-05-01T01:56:13.163+0000] {manager.py:879} INFO - 
================================================================================
DAG File Processing Stats

File Path                          PID    Runtime      # DAGs    # Errors  Last Runtime    Last Run
---------------------------------  -----  ---------  --------  ----------  --------------  -------------------
/opt/airflow/dags/etl_pipeline.py                           1           0  0.63s           2025-05-01T01:55:58
================================================================================
[2025-05-01T01:56:46.887+0000] {manager.py:879} INFO - 
================================================================================
DAG File Processing Stats

File Path                          PID    Runtime      # DAGs    # Errors  Last Runtime    Last Run
---------------------------------  -----  ---------  --------  ----------  --------------  -------------------
/opt/airflow/dags/etl_pipeline.py                           1           0  0.71s           2025-05-01T01:56:29
================================================================================
[2025-05-01T01:57:20.417+0000] {manager.py:879} INFO - 
================================================================================
DAG File Processing Stats

File Path                          PID    Runtime      # DAGs    # Errors  Last Runtime    Last Run
---------------------------------  -----  ---------  --------  ----------  --------------  -------------------
/opt/airflow/dags/etl_pipeline.py                           1           0  0.68s           2025-05-01T01:57:00
================================================================================
[2025-05-01T01:57:54.088+0000] {manager.py:879} INFO - 
================================================================================
DAG File Processing Stats

File Path                          PID    Runtime      # DAGs    # Errors  Last Runtime    Last Run
---------------------------------  -----  ---------  --------  ----------  --------------  -------------------
/opt/airflow/dags/etl_pipeline.py                           1           0  0.65s           2025-05-01T01:57:31
================================================================================
[2025-05-01T01:58:28.096+0000] {manager.py:879} INFO - 
================================================================================
DAG File Processing Stats

File Path                          PID    Runtime      # DAGs    # Errors  Last Runtime    Last Run
---------------------------------  -----  ---------  --------  ----------  --------------  -------------------
/opt/airflow/dags/etl_pipeline.py                           1           0  0.70s           2025-05-01T01:58:02
================================================================================
[2025-05-01T01:59:01.566+0000] {manager.py:879} INFO - 
================================================================================
DAG File Processing Stats

File Path                          PID    Runtime      # DAGs    # Errors  Last Runtime    Last Run
---------------------------------  -----  ---------  --------  ----------  --------------  -------------------
/opt/airflow/dags/etl_pipeline.py                           1           0  0.69s           2025-05-01T01:58:44
================================================================================
[2025-05-01T01:59:23.002+0000] {manager.py:738} INFO - Searching for files in /opt/airflow/dags
[2025-05-01T01:59:23.024+0000] {manager.py:741} INFO - There are 1 files in /opt/airflow/dags
[2025-05-01T01:59:35.096+0000] {manager.py:879} INFO - 
================================================================================
DAG File Processing Stats

File Path                          PID    Runtime      # DAGs    # Errors  Last Runtime    Last Run
---------------------------------  -----  ---------  --------  ----------  --------------  -------------------
/opt/airflow/dags/etl_pipeline.py                           0           1  0.08s           2025-05-01T01:59:34
================================================================================
[2025-05-01T02:00:08.592+0000] {manager.py:879} INFO - 
================================================================================
DAG File Processing Stats

File Path                          PID    Runtime      # DAGs    # Errors  Last Runtime    Last Run
---------------------------------  -----  ---------  --------  ----------  --------------  -------------------
/opt/airflow/dags/etl_pipeline.py                           1           0  0.88s           2025-05-01T01:59:56
================================================================================
[2025-05-01T02:00:42.276+0000] {manager.py:879} INFO - 
================================================================================
DAG File Processing Stats

File Path                          PID    Runtime      # DAGs    # Errors  Last Runtime    Last Run
---------------------------------  -----  ---------  --------  ----------  --------------  -------------------
/opt/airflow/dags/etl_pipeline.py                           1           0  0.70s           2025-05-01T02:00:27
================================================================================
[2025-05-01T02:01:19.168+0000] {manager.py:879} INFO - 
================================================================================
DAG File Processing Stats

File Path                          PID    Runtime      # DAGs    # Errors  Last Runtime    Last Run
---------------------------------  -----  ---------  --------  ----------  --------------  -------------------
/opt/airflow/dags/etl_pipeline.py                           1           0  0.83s           2025-05-01T02:00:59
================================================================================
[2025-05-01T02:01:52.727+0000] {manager.py:879} INFO - 
================================================================================
DAG File Processing Stats

File Path                          PID    Runtime      # DAGs    # Errors  Last Runtime    Last Run
---------------------------------  -----  ---------  --------  ----------  --------------  -------------------
/opt/airflow/dags/etl_pipeline.py                           1           0  0.84s           2025-05-01T02:01:34
================================================================================
[2025-05-01T02:02:26.239+0000] {manager.py:879} INFO - 
================================================================================
DAG File Processing Stats

File Path                          PID    Runtime      # DAGs    # Errors  Last Runtime    Last Run
---------------------------------  -----  ---------  --------  ----------  --------------  -------------------
/opt/airflow/dags/etl_pipeline.py                           1           0  2.00s           2025-05-01T02:02:06
================================================================================
[2025-05-01T02:02:59.790+0000] {manager.py:879} INFO - 
================================================================================
DAG File Processing Stats

File Path                          PID    Runtime      # DAGs    # Errors  Last Runtime    Last Run
---------------------------------  -----  ---------  --------  ----------  --------------  -------------------
/opt/airflow/dags/etl_pipeline.py                           1           0  0.77s           2025-05-01T02:02:37
================================================================================
[2025-05-01T02:03:33.362+0000] {manager.py:879} INFO - 
================================================================================
DAG File Processing Stats

File Path                          PID    Runtime      # DAGs    # Errors  Last Runtime    Last Run
---------------------------------  -----  ---------  --------  ----------  --------------  -------------------
/opt/airflow/dags/etl_pipeline.py                           1           0  0.87s           2025-05-01T02:03:09
================================================================================
[2025-05-01T02:04:07.321+0000] {manager.py:879} INFO - 
================================================================================
DAG File Processing Stats

File Path                          PID    Runtime      # DAGs    # Errors  Last Runtime    Last Run
---------------------------------  -----  ---------  --------  ----------  --------------  -------------------
/opt/airflow/dags/etl_pipeline.py                           1           0  0.64s           2025-05-01T02:03:40
================================================================================
[2025-05-01T02:04:23.676+0000] {manager.py:738} INFO - Searching for files in /opt/airflow/dags
[2025-05-01T02:04:23.731+0000] {manager.py:741} INFO - There are 1 files in /opt/airflow/dags
[2025-05-01T02:04:41.201+0000] {manager.py:879} INFO - 
================================================================================
DAG File Processing Stats

File Path                          PID    Runtime      # DAGs    # Errors  Last Runtime    Last Run
---------------------------------  -----  ---------  --------  ----------  --------------  -------------------
/opt/airflow/dags/etl_pipeline.py                           1           0  1.11s           2025-05-01T02:04:11
================================================================================
[2025-05-01T02:05:14.747+0000] {manager.py:879} INFO - 
================================================================================
DAG File Processing Stats

File Path                          PID    Runtime      # DAGs    # Errors  Last Runtime    Last Run
---------------------------------  -----  ---------  --------  ----------  --------------  -------------------
/opt/airflow/dags/etl_pipeline.py                           1           0  0.56s           2025-05-01T02:05:14
================================================================================
[2025-05-01T02:05:48.573+0000] {manager.py:879} INFO - 
================================================================================
DAG File Processing Stats

File Path                          PID    Runtime      # DAGs    # Errors  Last Runtime    Last Run
---------------------------------  -----  ---------  --------  ----------  --------------  -------------------
/opt/airflow/dags/etl_pipeline.py                           1           0  0.62s           2025-05-01T02:05:46
================================================================================
[2025-05-01T02:06:22.136+0000] {manager.py:879} INFO - 
================================================================================
DAG File Processing Stats

File Path                          PID    Runtime      # DAGs    # Errors  Last Runtime    Last Run
---------------------------------  -----  ---------  --------  ----------  --------------  -------------------
/opt/airflow/dags/etl_pipeline.py                           1           0  0.63s           2025-05-01T02:06:20
================================================================================
[2025-05-01T02:06:55.590+0000] {manager.py:879} INFO - 
================================================================================
DAG File Processing Stats

File Path                          PID    Runtime      # DAGs    # Errors  Last Runtime    Last Run
---------------------------------  -----  ---------  --------  ----------  --------------  -------------------
/opt/airflow/dags/etl_pipeline.py                           1           0  0.89s           2025-05-01T02:06:53
================================================================================
[2025-05-01T02:07:28.956+0000] {manager.py:879} INFO - 
================================================================================
DAG File Processing Stats

File Path                          PID    Runtime      # DAGs    # Errors  Last Runtime    Last Run
---------------------------------  -----  ---------  --------  ----------  --------------  -------------------
/opt/airflow/dags/etl_pipeline.py                           1           0  0.84s           2025-05-01T02:07:26
================================================================================
[2025-05-01T02:08:02.317+0000] {manager.py:879} INFO - 
================================================================================
DAG File Processing Stats

File Path                          PID    Runtime      # DAGs    # Errors  Last Runtime    Last Run
---------------------------------  -----  ---------  --------  ----------  --------------  -------------------
/opt/airflow/dags/etl_pipeline.py                           1           0  0.77s           2025-05-01T02:08:00
================================================================================
[2025-05-01T02:08:35.862+0000] {manager.py:879} INFO - 
================================================================================
DAG File Processing Stats

File Path                          PID    Runtime      # DAGs    # Errors  Last Runtime    Last Run
---------------------------------  -----  ---------  --------  ----------  --------------  -------------------
/opt/airflow/dags/etl_pipeline.py                           1           0  0.76s           2025-05-01T02:08:33
================================================================================
[2025-05-01T02:09:09.450+0000] {manager.py:879} INFO - 
================================================================================
DAG File Processing Stats

File Path                          PID    Runtime      # DAGs    # Errors  Last Runtime    Last Run
---------------------------------  -----  ---------  --------  ----------  --------------  -------------------
/opt/airflow/dags/etl_pipeline.py                           1           0  0.69s           2025-05-01T02:09:06
================================================================================
[2025-05-01T02:09:23.890+0000] {manager.py:738} INFO - Searching for files in /opt/airflow/dags
[2025-05-01T02:09:23.952+0000] {manager.py:741} INFO - There are 1 files in /opt/airflow/dags
[2025-05-01T02:09:43.004+0000] {manager.py:879} INFO - 
================================================================================
DAG File Processing Stats

File Path                          PID    Runtime      # DAGs    # Errors  Last Runtime    Last Run
---------------------------------  -----  ---------  --------  ----------  --------------  -------------------
/opt/airflow/dags/etl_pipeline.py                           1           0  0.79s           2025-05-01T02:09:40
================================================================================
[2025-05-01T02:10:16.759+0000] {manager.py:879} INFO - 
================================================================================
DAG File Processing Stats

File Path                          PID    Runtime      # DAGs    # Errors  Last Runtime    Last Run
---------------------------------  -----  ---------  --------  ----------  --------------  -------------------
/opt/airflow/dags/etl_pipeline.py                           1           0  0.72s           2025-05-01T02:10:13
================================================================================
[2025-05-01T02:10:50.343+0000] {manager.py:879} INFO - 
================================================================================
DAG File Processing Stats

File Path                          PID    Runtime      # DAGs    # Errors  Last Runtime    Last Run
---------------------------------  -----  ---------  --------  ----------  --------------  -------------------
/opt/airflow/dags/etl_pipeline.py                           1           0  2.94s           2025-05-01T02:10:46
================================================================================
[2025-05-01T02:11:23.835+0000] {manager.py:879} INFO - 
================================================================================
DAG File Processing Stats

File Path                          PID    Runtime      # DAGs    # Errors  Last Runtime    Last Run
---------------------------------  -----  ---------  --------  ----------  --------------  -------------------
/opt/airflow/dags/etl_pipeline.py                           1           0  2.93s           2025-05-01T02:11:19
================================================================================
[2025-05-01T02:11:57.370+0000] {manager.py:879} INFO - 
================================================================================
DAG File Processing Stats

File Path                          PID    Runtime      # DAGs    # Errors  Last Runtime    Last Run
---------------------------------  -----  ---------  --------  ----------  --------------  -------------------
/opt/airflow/dags/etl_pipeline.py                           1           0  0.81s           2025-05-01T02:11:53
================================================================================
[2025-05-01T02:12:31.030+0000] {manager.py:879} INFO - 
================================================================================
DAG File Processing Stats

File Path                          PID    Runtime      # DAGs    # Errors  Last Runtime    Last Run
---------------------------------  -----  ---------  --------  ----------  --------------  -------------------
/opt/airflow/dags/etl_pipeline.py                           1           0  0.64s           2025-05-01T02:12:26
================================================================================
[2025-05-01T02:13:05.109+0000] {manager.py:879} INFO - 
================================================================================
DAG File Processing Stats

File Path                          PID    Runtime      # DAGs    # Errors  Last Runtime    Last Run
---------------------------------  -----  ---------  --------  ----------  --------------  -------------------
/opt/airflow/dags/etl_pipeline.py                           1           0  0.76s           2025-05-01T02:13:00
================================================================================
[2025-05-01T02:13:38.826+0000] {manager.py:879} INFO - 
================================================================================
DAG File Processing Stats

File Path                          PID    Runtime      # DAGs    # Errors  Last Runtime    Last Run
---------------------------------  -----  ---------  --------  ----------  --------------  -------------------
/opt/airflow/dags/etl_pipeline.py                           1           0  0.55s           2025-05-01T02:13:33
================================================================================
[2025-05-01T02:14:12.795+0000] {manager.py:879} INFO - 
================================================================================
DAG File Processing Stats

File Path                          PID    Runtime      # DAGs    # Errors  Last Runtime    Last Run
---------------------------------  -----  ---------  --------  ----------  --------------  -------------------
/opt/airflow/dags/etl_pipeline.py                           1           0  0.67s           2025-05-01T02:14:07
================================================================================
[2025-05-01T02:14:24.189+0000] {manager.py:738} INFO - Searching for files in /opt/airflow/dags
[2025-05-01T02:14:24.202+0000] {manager.py:741} INFO - There are 1 files in /opt/airflow/dags
[2025-05-01T02:14:46.669+0000] {manager.py:879} INFO - 
================================================================================
DAG File Processing Stats

File Path                          PID    Runtime      # DAGs    # Errors  Last Runtime    Last Run
---------------------------------  -----  ---------  --------  ----------  --------------  -------------------
/opt/airflow/dags/etl_pipeline.py                           1           0  0.79s           2025-05-01T02:14:40
================================================================================
[2025-05-01T02:15:20.013+0000] {manager.py:879} INFO - 
================================================================================
DAG File Processing Stats

File Path                          PID    Runtime      # DAGs    # Errors  Last Runtime    Last Run
---------------------------------  -----  ---------  --------  ----------  --------------  -------------------
/opt/airflow/dags/etl_pipeline.py                           1           0  0.53s           2025-05-01T02:15:07
================================================================================
[2025-05-01T02:15:53.548+0000] {manager.py:879} INFO - 
================================================================================
DAG File Processing Stats

File Path                          PID    Runtime      # DAGs    # Errors  Last Runtime    Last Run
---------------------------------  -----  ---------  --------  ----------  --------------  -------------------
/opt/airflow/dags/etl_pipeline.py                           1           0  0.48s           2025-05-01T02:15:38
================================================================================
[2025-05-01T02:16:27.143+0000] {manager.py:879} INFO - 
================================================================================
DAG File Processing Stats

File Path                          PID    Runtime      # DAGs    # Errors  Last Runtime    Last Run
---------------------------------  -----  ---------  --------  ----------  --------------  -------------------
/opt/airflow/dags/etl_pipeline.py                           1           0  0.44s           2025-05-01T02:16:09
================================================================================
[2025-05-01T02:17:01.055+0000] {manager.py:879} INFO - 
================================================================================
DAG File Processing Stats

File Path                          PID    Runtime      # DAGs    # Errors  Last Runtime    Last Run
---------------------------------  -----  ---------  --------  ----------  --------------  -------------------
/opt/airflow/dags/etl_pipeline.py                           1           0  0.51s           2025-05-01T02:16:39
================================================================================
[2025-05-01T02:17:34.739+0000] {manager.py:879} INFO - 
================================================================================
DAG File Processing Stats

File Path                          PID    Runtime      # DAGs    # Errors  Last Runtime    Last Run
---------------------------------  -----  ---------  --------  ----------  --------------  -------------------
/opt/airflow/dags/etl_pipeline.py                           1           0  0.60s           2025-05-01T02:17:10
================================================================================
[2025-05-01T02:18:08.317+0000] {manager.py:879} INFO - 
================================================================================
DAG File Processing Stats

File Path                          PID    Runtime      # DAGs    # Errors  Last Runtime    Last Run
---------------------------------  -----  ---------  --------  ----------  --------------  -------------------
/opt/airflow/dags/etl_pipeline.py                           1           0  0.45s           2025-05-01T02:17:41
================================================================================
[2025-05-01T02:18:42.363+0000] {manager.py:879} INFO - 
================================================================================
DAG File Processing Stats

File Path                            PID  Runtime      # DAGs    # Errors  Last Runtime    Last Run
---------------------------------  -----  ---------  --------  ----------  --------------  -------------------
/opt/airflow/dags/etl_pipeline.py   2949  0.01s             1           0  0.57s           2025-05-01T02:18:11
================================================================================
[2025-05-01T02:19:15.946+0000] {manager.py:879} INFO - 
================================================================================
DAG File Processing Stats

File Path                          PID    Runtime      # DAGs    # Errors  Last Runtime    Last Run
---------------------------------  -----  ---------  --------  ----------  --------------  -------------------
/opt/airflow/dags/etl_pipeline.py                           1           0  0.45s           2025-05-01T02:19:13
================================================================================
[2025-05-01T02:19:24.452+0000] {manager.py:738} INFO - Searching for files in /opt/airflow/dags
[2025-05-01T02:19:24.498+0000] {manager.py:741} INFO - There are 1 files in /opt/airflow/dags
[2025-05-01T02:19:49.999+0000] {manager.py:879} INFO - 
================================================================================
DAG File Processing Stats

File Path                          PID    Runtime      # DAGs    # Errors  Last Runtime    Last Run
---------------------------------  -----  ---------  --------  ----------  --------------  -------------------
/opt/airflow/dags/etl_pipeline.py                           1           0  0.51s           2025-05-01T02:19:43
================================================================================
[2025-05-01T02:20:23.548+0000] {manager.py:879} INFO - 
================================================================================
DAG File Processing Stats

File Path                          PID    Runtime      # DAGs    # Errors  Last Runtime    Last Run
---------------------------------  -----  ---------  --------  ----------  --------------  -------------------
/opt/airflow/dags/etl_pipeline.py                           1           0  0.45s           2025-05-01T02:20:14
================================================================================
[2025-05-01T02:20:57.535+0000] {manager.py:879} INFO - 
================================================================================
DAG File Processing Stats

File Path                          PID    Runtime      # DAGs    # Errors  Last Runtime    Last Run
---------------------------------  -----  ---------  --------  ----------  --------------  -------------------
/opt/airflow/dags/etl_pipeline.py                           1           0  0.63s           2025-05-01T02:20:46
================================================================================
[2025-05-01T02:21:31.285+0000] {manager.py:879} INFO - 
================================================================================
DAG File Processing Stats

File Path                          PID    Runtime      # DAGs    # Errors  Last Runtime    Last Run
---------------------------------  -----  ---------  --------  ----------  --------------  -------------------
/opt/airflow/dags/etl_pipeline.py                           1           0  2.77s           2025-05-01T02:21:19
================================================================================
[2025-05-01T02:22:05.354+0000] {manager.py:879} INFO - 
================================================================================
DAG File Processing Stats

File Path                          PID    Runtime      # DAGs    # Errors  Last Runtime    Last Run
---------------------------------  -----  ---------  --------  ----------  --------------  -------------------
/opt/airflow/dags/etl_pipeline.py                           1           0  0.54s           2025-05-01T02:21:53
================================================================================
[2025-05-01T02:22:38.954+0000] {manager.py:879} INFO - 
================================================================================
DAG File Processing Stats

File Path                          PID    Runtime      # DAGs    # Errors  Last Runtime    Last Run
---------------------------------  -----  ---------  --------  ----------  --------------  -------------------
/opt/airflow/dags/etl_pipeline.py                           1           0  0.53s           2025-05-01T02:22:27
================================================================================
[2025-05-01T02:23:12.975+0000] {manager.py:879} INFO - 
================================================================================
DAG File Processing Stats

File Path                          PID    Runtime      # DAGs    # Errors  Last Runtime    Last Run
---------------------------------  -----  ---------  --------  ----------  --------------  -------------------
/opt/airflow/dags/etl_pipeline.py                           1           0  0.48s           2025-05-01T02:22:59
================================================================================
[2025-05-01T02:23:46.547+0000] {manager.py:879} INFO - 
================================================================================
DAG File Processing Stats

File Path                          PID    Runtime      # DAGs    # Errors  Last Runtime    Last Run
---------------------------------  -----  ---------  --------  ----------  --------------  -------------------
/opt/airflow/dags/etl_pipeline.py                           1           0  0.49s           2025-05-01T02:23:33
================================================================================
[2025-05-01T02:24:20.531+0000] {manager.py:879} INFO - 
================================================================================
DAG File Processing Stats

File Path                          PID    Runtime      # DAGs    # Errors  Last Runtime    Last Run
---------------------------------  -----  ---------  --------  ----------  --------------  -------------------
/opt/airflow/dags/etl_pipeline.py                           1           0  0.58s           2025-05-01T02:24:06
================================================================================
[2025-05-01T02:24:24.556+0000] {manager.py:738} INFO - Searching for files in /opt/airflow/dags
[2025-05-01T02:24:24.572+0000] {manager.py:741} INFO - There are 1 files in /opt/airflow/dags
[2025-05-01T02:24:54.182+0000] {manager.py:879} INFO - 
================================================================================
DAG File Processing Stats

File Path                          PID    Runtime      # DAGs    # Errors  Last Runtime    Last Run
---------------------------------  -----  ---------  --------  ----------  --------------  -------------------
/opt/airflow/dags/etl_pipeline.py                           1           0  0.52s           2025-05-01T02:24:40
================================================================================
[2025-05-01T02:25:27.672+0000] {manager.py:879} INFO - 
================================================================================
DAG File Processing Stats

File Path                          PID    Runtime      # DAGs    # Errors  Last Runtime    Last Run
---------------------------------  -----  ---------  --------  ----------  --------------  -------------------
/opt/airflow/dags/etl_pipeline.py                           1           0  0.53s           2025-05-01T02:25:13
================================================================================
